# JRE version: OpenJDK Runtime Environment (22.0.2+9) (build 22.0.2+9-70)
# Java VM: OpenJDK 64-Bit Server VM (22.0.2+9-70, mixed mode, emulated-client, sharing, tiered, compressed oops, compressed class ptrs, g1 gc, windows-amd64)
GC Precious Log:
 CardTable entry size: 512
 Card Set container configuration: InlinePtr #cards 4 size 8 Array Of Cards #cards 64 size 144 Howl #buckets 8 coarsen threshold 14745 Howl Bitmap #cards 2048 size 272 coarsen threshold 1843 Card regions per heap region 1 cards per card region 16384
 CPUs: 20 total, 20 available
 Memory: 48839M
 Large Page Support: Disabled
 NUMA Support: Disabled
 Compressed Oops: Enabled (Zero based)
 Heap Region Size: 8M
 Heap Min Capacity: 8M
 Heap Initial Capacity: 768M
 Heap Max Capacity: 12216M
 Pre-touch: Disabled
 Parallel Workers: 15
 Concurrent Workers: 4
 Concurrent Refinement Workers: 15
 Periodic GC: Disabled
Heap:
 garbage-first heap   total reserved 12509184K, committed 90112K, used 61481K [0x0000000504800000, 0x0000000800000000)
  region size 8192K, 6 young (49152K), 1 survivors (8192K)
 Metaspace       used 36269K, committed 36992K, reserved 1114112K
  class space    used 5153K, committed 5440K, reserved 1048576K
GC Heap History (17 events):
Event: 0.440 GC heap before
{Heap before GC invocations=0 (full 0):
 garbage-first heap   total reserved 12509184K, committed 786432K, used 24576K [0x0000000504800000, 0x0000000800000000)
  region size 8192K, 4 young (32768K), 0 survivors (0K)
 Metaspace       used 7572K, committed 7872K, reserved 1114112K
  class space    used 962K, committed 1088K, reserved 1048576K
}
Event: 0.444 GC heap after
{Heap after GC invocations=1 (full 0):
 garbage-first heap   total reserved 12509184K, committed 786432K, used 8276K [0x0000000504800000, 0x0000000800000000)
  region size 8192K, 1 young (8192K), 1 survivors (8192K)
 Metaspace       used 7572K, committed 7872K, reserved 1114112K
  class space    used 962K, committed 1088K, reserved 1048576K
}
Event: 0.705 GC heap before
{Heap before GC invocations=1 (full 0):
 garbage-first heap   total reserved 12509184K, committed 786432K, used 32852K [0x0000000504800000, 0x0000000800000000)
  region size 8192K, 4 young (32768K), 1 survivors (8192K)
 Metaspace       used 12996K, committed 13376K, reserved 1114112K
  class space    used 1766K, committed 1984K, reserved 1048576K
}
Event: 0.709 GC heap after
{Heap after GC invocations=2 (full 0):
 garbage-first heap   total reserved 12509184K, committed 786432K, used 10240K [0x0000000504800000, 0x0000000800000000)
  region size 8192K, 1 young (8192K), 1 survivors (8192K)
 Metaspace       used 12996K, committed 13376K, reserved 1114112K
  class space    used 1766K, committed 1984K, reserved 1048576K
}
Event: 0.738 GC heap before
{Heap before GC invocations=2 (full 0):
 garbage-first heap   total reserved 12509184K, committed 786432K, used 10240K [0x0000000504800000, 0x0000000800000000)
  region size 8192K, 2 young (16384K), 1 survivors (8192K)
 Metaspace       used 14166K, committed 14592K, reserved 1114112K
  class space    used 1907K, committed 2112K, reserved 1048576K
}
Event: 0.739 GC heap after
{Heap after GC invocations=3 (full 0):
 garbage-first heap   total reserved 12509184K, committed 786432K, used 10382K [0x0000000504800000, 0x0000000800000000)
  region size 8192K, 1 young (8192K), 1 survivors (8192K)
 Metaspace       used 14166K, committed 14592K, reserved 1114112K
  class space    used 1907K, committed 2112K, reserved 1048576K
}
Event: 0.969 GC heap before
{Heap before GC invocations=4 (full 0):
 garbage-first heap   total reserved 12509184K, committed 57344K, used 51342K [0x0000000504800000, 0x0000000800000000)
  region size 8192K, 6 young (49152K), 1 survivors (8192K)
 Metaspace       used 20615K, committed 21056K, reserved 1114112K
  class space    used 2752K, committed 2944K, reserved 1048576K
}
Event: 0.972 GC heap after
{Heap after GC invocations=5 (full 0):
 garbage-first heap   total reserved 12509184K, committed 65536K, used 14357K [0x0000000504800000, 0x0000000800000000)
  region size 8192K, 1 young (8192K), 1 survivors (8192K)
 Metaspace       used 20615K, committed 21056K, reserved 1114112K
  class space    used 2752K, committed 2944K, reserved 1048576K
}
Event: 1.089 GC heap before
{Heap before GC invocations=5 (full 0):
 garbage-first heap   total reserved 12509184K, committed 65536K, used 38933K [0x0000000504800000, 0x0000000800000000)
  region size 8192K, 4 young (32768K), 1 survivors (8192K)
 Metaspace       used 21183K, committed 21568K, reserved 1114112K
  class space    used 2843K, committed 3008K, reserved 1048576K
}
Event: 1.092 GC heap after
{Heap after GC invocations=6 (full 0):
 garbage-first heap   total reserved 12509184K, committed 65536K, used 16101K [0x0000000504800000, 0x0000000800000000)
  region size 8192K, 1 young (8192K), 1 survivors (8192K)
 Metaspace       used 21183K, committed 21568K, reserved 1114112K
  class space    used 2843K, committed 3008K, reserved 1048576K
}
Event: 1.299 GC heap before
{Heap before GC invocations=6 (full 0):
 garbage-first heap   total reserved 12509184K, committed 65536K, used 40677K [0x0000000504800000, 0x0000000800000000)
  region size 8192K, 4 young (32768K), 1 survivors (8192K)
 Metaspace       used 23570K, committed 23936K, reserved 1114112K
  class space    used 3229K, committed 3392K, reserved 1048576K
}
Event: 1.303 GC heap after
{Heap after GC invocations=7 (full 0):
 garbage-first heap   total reserved 12509184K, committed 65536K, used 17006K [0x0000000504800000, 0x0000000800000000)
  region size 8192K, 1 young (8192K), 1 survivors (8192K)
 Metaspace       used 23570K, committed 23936K, reserved 1114112K
  class space    used 3229K, committed 3392K, reserved 1048576K
}
Event: 1.336 GC heap before
{Heap before GC invocations=7 (full 0):
 garbage-first heap   total reserved 12509184K, committed 65536K, used 17006K [0x0000000504800000, 0x0000000800000000)
  region size 8192K, 2 young (16384K), 1 survivors (8192K)
 Metaspace       used 24127K, committed 24448K, reserved 1114112K
  class space    used 3310K, committed 3456K, reserved 1048576K
}
Event: 1.339 GC heap after
{Heap after GC invocations=8 (full 0):
 garbage-first heap   total reserved 12509184K, committed 425984K, used 17361K [0x0000000504800000, 0x0000000800000000)
  region size 8192K, 1 young (8192K), 1 survivors (8192K)
 Metaspace       used 24127K, committed 24448K, reserved 1114112K
  class space    used 3310K, committed 3456K, reserved 1048576K
}
Event: 1.761 GC heap before
{Heap before GC invocations=9 (full 0):
 garbage-first heap   total reserved 12509184K, committed 81920K, used 74705K [0x0000000504800000, 0x0000000800000000)
  region size 8192K, 8 young (65536K), 1 survivors (8192K)
 Metaspace       used 30314K, committed 30912K, reserved 1114112K
  class space    used 4236K, committed 4480K, reserved 1048576K
}
Event: 1.768 GC heap after
{Heap after GC invocations=10 (full 0):
 garbage-first heap   total reserved 12509184K, committed 90112K, used 20521K [0x0000000504800000, 0x0000000800000000)
  region size 8192K, 1 young (8192K), 1 survivors (8192K)
 Metaspace       used 30314K, committed 30912K, reserved 1114112K
  class space    used 4236K, committed 4480K, reserved 1048576K
}
Event: 2.059 GC heap before
{Heap before GC invocations=10 (full 0):
 garbage-first heap   total reserved 12509184K, committed 90112K, used 61481K [0x0000000504800000, 0x0000000800000000)
  region size 8192K, 6 young (49152K), 1 survivors (8192K)
 Metaspace       used 36269K, committed 36992K, reserved 1114112K
  class space    used 5153K, committed 5440K, reserved 1048576K
}

